c:\users\lab\desktop\simulation\triangle\debug\vc120.pdb
c:\users\lab\desktop\simulation\triangle\debug\vc120.idb
c:\users\lab\desktop\simulation\triangle\debug\mark.obj
c:\users\lab\documents\dy\stl triangle\debug\vc120.pdb
c:\users\lab\documents\dy\stl triangle\debug\vc120.idb
c:\users\lab\documents\dy\stl triangle\debug\stlloader.obj
c:\users\lab\documents\dy\stl triangle\debug\main.obj
c:\users\lab\documents\dy\stl triangle\debug\basicgeom.obj
c:\users\lab\desktop\simulation\triangle\debug\project.ilk
c:\users\lab\desktop\simulation\triangle\debug\project.exe
c:\users\lab\desktop\simulation\triangle\debug\project.pdb
c:\users\lab\documents\dy\stl triangle\debug\project.ilk
c:\users\lab\documents\dy\stl triangle\debug\project.exe
c:\users\lab\documents\dy\stl triangle\debug\project.pdb
c:\users\lab\documents\dy\stl triangle\debug\project.tlog\cl.command.1.tlog
c:\users\lab\documents\dy\stl triangle\debug\project.tlog\cl.read.1.tlog
c:\users\lab\documents\dy\stl triangle\debug\project.tlog\cl.write.1.tlog
c:\users\lab\documents\dy\stl triangle\debug\project.tlog\link.command.1.tlog
c:\users\lab\documents\dy\stl triangle\debug\project.tlog\link.read.1.tlog
c:\users\lab\documents\dy\stl triangle\debug\project.tlog\link.write.1.tlog
