Build started 2016/02/13 2:44:26.
     1>Project "C:\Users\LAB\Documents\dy\STL Triangle\PROJECT.vcxproj" on node 2 (Rebuild target(s)).
     1>ClCompile:
         C:\Program Files (x86)\Microsoft Visual Studio 12.0\VC\bin\CL.exe /c /ZI /nologo /W3 /WX- /sdl /Od /Oy- /D _MBCS /Gm /EHsc /RTC1 /MDd /GS /fp:precise /Zc:wchar_t /Zc:forScope /Fo"Debug\\" /Fd"Debug\vc120.pdb" /Gd /TP /analyze- /errorReport:prompt BasicGeom.cpp main.cpp stlloader.cpp
         stlloader.cpp
         main.cpp
     1>c:\users\lab\documents\dy\stl triangle\main.cpp(219): warning C4018: '<' : signed/unsigned mismatch
     1>c:\users\lab\documents\dy\stl triangle\main.cpp(252): warning C4018: '<' : signed/unsigned mismatch
     1>c:\users\lab\documents\dy\stl triangle\main.cpp(264): warning C4018: '<' : signed/unsigned mismatch
     1>c:\users\lab\documents\dy\stl triangle\main.cpp(304): warning C4018: '<' : signed/unsigned mismatch
     1>c:\users\lab\documents\dy\stl triangle\main.cpp(305): warning C4018: '<' : signed/unsigned mismatch
     1>c:\users\lab\documents\dy\stl triangle\main.cpp(339): warning C4018: '<' : signed/unsigned mismatch
     1>c:\users\lab\documents\dy\stl triangle\main.cpp(356): warning C4018: '<' : signed/unsigned mismatch
     1>c:\users\lab\documents\dy\stl triangle\main.cpp(448): warning C4018: '<' : signed/unsigned mismatch
     1>c:\users\lab\documents\dy\stl triangle\main.cpp(468): warning C4018: '<' : signed/unsigned mismatch
     1>c:\users\lab\documents\dy\stl triangle\main.cpp(480): warning C4018: '<' : signed/unsigned mismatch
     1>c:\users\lab\documents\dy\stl triangle\main.cpp(514): warning C4018: '<' : signed/unsigned mismatch
     1>c:\users\lab\documents\dy\stl triangle\main.cpp(534): warning C4018: '<' : signed/unsigned mismatch
     1>c:\users\lab\documents\dy\stl triangle\main.cpp(553): warning C4018: '<' : signed/unsigned mismatch
     1>c:\users\lab\documents\dy\stl triangle\main.cpp(593): warning C4018: '<' : signed/unsigned mismatch
     1>c:\users\lab\documents\dy\stl triangle\main.cpp(620): warning C4018: '<' : signed/unsigned mismatch
     1>c:\users\lab\documents\dy\stl triangle\main.cpp(619): warning C4101: 'nrml_vec' : unreferenced local variable
         BasicGeom.cpp
         Generating Code...
       Link:
         C:\Program Files (x86)\Microsoft Visual Studio 12.0\VC\bin\link.exe /ERRORREPORT:PROMPT /OUT:"C:\Users\LAB\Documents\dy\STL Triangle\Debug\PROJECT.exe" /INCREMENTAL /NOLOGO kernel32.lib user32.lib gdi32.lib winspool.lib comdlg32.lib advapi32.lib shell32.lib ole32.lib oleaut32.lib uuid.lib odbc32.lib odbccp32.lib /MANIFEST /MANIFESTUAC:"level='asInvoker' uiAccess='false'" /manifest:embed /DEBUG /PDB:"C:\Users\LAB\Documents\dy\STL Triangle\Debug\PROJECT.pdb" /TLBID:1 /DYNAMICBASE /NXCOMPAT /IMPLIB:"C:\Users\LAB\Documents\dy\STL Triangle\Debug\PROJECT.lib" /MACHINE:X86 /SAFESEH:NO Debug\BasicGeom.obj
         Debug\main.obj
         Debug\stlloader.obj
         PROJECT.vcxproj -> C:\Users\LAB\Documents\dy\STL Triangle\Debug\PROJECT.exe
     1>Done Building Project "C:\Users\LAB\Documents\dy\STL Triangle\PROJECT.vcxproj" (Rebuild target(s)).

Build succeeded.

Time Elapsed 00:00:01.53
